Running labelrate=3
cpu
  NumNodes: 19717
  NumEdges: 88651
  NumFeats: 500
  NumClasses: 3
  NumTrainingSamples: 60
  NumValidationSamples: 500
  NumTestSamples: 1000
Done loading data from cached files.
Test set results loss= 0.7833 accuracy= 0.6820
Test set results loss= 0.7363 accuracy= 0.7030
Test set results loss= 0.7288 accuracy= 0.7190
Test set results loss= 0.7216 accuracy= 0.7190
Test set results loss= 0.7296 accuracy= 0.7190
Test set results loss= 0.7421 accuracy= 0.7200
Test set results loss= 0.7505 accuracy= 0.7200
Test set results loss= 0.7588 accuracy= 0.7190
Test set results loss= 0.7652 accuracy= 0.7190
Test set results loss= 0.7684 accuracy= 0.7190
Running labelrate=5
cpu
  NumNodes: 19717
  NumEdges: 88651
  NumFeats: 500
  NumClasses: 3
  NumTrainingSamples: 60
  NumValidationSamples: 500
  NumTestSamples: 1000
Done loading data from cached files.
Test set results loss= 0.7955 accuracy= 0.6610
Test set results loss= 0.7635 accuracy= 0.6610
Test set results loss= 0.7764 accuracy= 0.6460
Test set results loss= 0.7872 accuracy= 0.6360
Test set results loss= 0.7945 accuracy= 0.6340
Test set results loss= 0.7973 accuracy= 0.6320
Test set results loss= 0.7994 accuracy= 0.6310
Test set results loss= 0.8008 accuracy= 0.6310
Test set results loss= 0.8019 accuracy= 0.6280
Test set results loss= 0.8031 accuracy= 0.6280
Running labelrate=10
cpu
  NumNodes: 19717
  NumEdges: 88651
  NumFeats: 500
  NumClasses: 3
  NumTrainingSamples: 60
  NumValidationSamples: 500
  NumTestSamples: 1000
Done loading data from cached files.
Test set results loss= 0.5955 accuracy= 0.7610
Test set results loss= 0.5458 accuracy= 0.7870
Test set results loss= 0.5535 accuracy= 0.7830
Test set results loss= 0.5599 accuracy= 0.7830
Test set results loss= 0.5637 accuracy= 0.7800
Test set results loss= 0.5651 accuracy= 0.7830
Test set results loss= 0.5657 accuracy= 0.7850
Test set results loss= 0.5668 accuracy= 0.7840
Test set results loss= 0.5672 accuracy= 0.7840
Test set results loss= 0.5677 accuracy= 0.7840
Running labelrate=20
cpu
  NumNodes: 19717
  NumEdges: 88651
  NumFeats: 500
  NumClasses: 3
  NumTrainingSamples: 60
  NumValidationSamples: 500
  NumTestSamples: 1000
Done loading data from cached files.
Test set results loss= 0.5445 accuracy= 0.7950
Test set results loss= 0.5076 accuracy= 0.8110
Test set results loss= 0.5086 accuracy= 0.8130
Test set results loss= 0.5112 accuracy= 0.8190
Test set results loss= 0.5124 accuracy= 0.8190
Test set results loss= 0.5140 accuracy= 0.8190
Test set results loss= 0.5136 accuracy= 0.8210
Test set results loss= 0.5145 accuracy= 0.8190
Test set results loss= 0.5144 accuracy= 0.8190
Test set results loss= 0.5144 accuracy= 0.8190
